<?xml version="1.0" encoding="UTF-8"?>
<!-- Generated by org.testng.reporters.JUnitXMLReporter -->
<testsuite ignored="0" hostname="DESKTOP-Q0SQCJU" failures="1" tests="1" name="Cross2" time="1.287" errors="0" timestamp="2022-07-06T13:18:12 IST">
  <testcase classname="crossbrowserdemo.NewTest" name="launch" time="1.282">
    <failure type="java.lang.AbstractMethodError" message="Missing implementation of resolved method &amp;apos;abstract java.util.List createArgs()&amp;apos; of abstract class org.openqa.selenium.remote.service.DriverService$Builder.">
      <![CDATA[java.lang.AbstractMethodError: Missing implementation of resolved method 'abstract java.util.List createArgs()' of abstract class org.openqa.selenium.remote.service.DriverService$Builder.
at org.openqa.selenium.remote.service.DriverService$Builder.build(DriverService.java:444)
at org.openqa.selenium.edge.EdgeDriverService.createDefaultService(EdgeDriverService.java:55)
at org.openqa.selenium.edge.EdgeDriver.<init>(EdgeDriver.java:98)
at crossbrowserdemo.NewTest.launch(NewTest.java:33)
at java.base/java.util.ArrayList.forEach(ArrayList.java:1511)
... Removed 27 stack frames]]>
    </failure>
  </testcase> <!-- launch -->
</testsuite> <!-- Cross2 -->
