<?xml version="1.0" encoding="UTF-8"?>
<!-- Generated by org.testng.reporters.JUnitXMLReporter -->
<testsuite ignored="0" hostname="DESKTOP-Q0SQCJU" failures="0" tests="5" name="TestWESt" time="0.104" errors="0" timestamp="2022-07-06T14:02:49 IST">
  <testcase classname="sanityregression.Grouping" name="test2" time="0.011"/>
  <testcase classname="sanityregression.Grouping" name="test1" time="0.002"/>
  <testcase classname="sanityregression.Grouping" name="test1" time="0.003"/>
  <testcase classname="sanityregression.Grouping" name="test1" time="0.003"/>
  <testcase classname="sanityregression.Grouping" name="test3" time="0.002"/>
</testsuite> <!-- TestWESt -->
