<?xml version="1.0" encoding="UTF-8"?>
<testng-results ignored="0" total="1" passed="1" failed="0" skipped="0">
  <reporter-output>
  </reporter-output>
  <suite started-at="2022-07-14T11:12:39 IST" name="Default suite" finished-at="2022-07-14T11:12:42 IST" duration-ms="3899">
    <groups>
    </groups>
    <test started-at="2022-07-14T11:12:39 IST" name="Default test" finished-at="2022-07-14T11:12:42 IST" duration-ms="3899">
      <class name="apitesting.TC05">
        <test-method signature="authenticate()[pri:0, instance:apitesting.TC05@1623b78d]" started-at="2022-07-14T11:12:39 IST" name="authenticate" finished-at="2022-07-14T11:12:42 IST" duration-ms="3845" status="PASS">
          <reporter-output>
          </reporter-output>
        </test-method> <!-- authenticate -->
      </class> <!-- apitesting.TC05 -->
    </test> <!-- Default test -->
  </suite> <!-- Default suite -->
</testng-results>
